<?xml version="1.0" encoding="UTF-8"?>
<!-- Generated by org.testng.reporters.JUnitXMLReporter -->
<testsuite ignored="0" hostname="Lenovo-Ideapad" failures="0" tests="5" name="Test1" time="6.686" errors="0" timestamp="2023-10-25T09:02:02 IST">
  <testcase classname="com.grampower.testcases.BaseClass" name="@BeforeClass setup" time="4.106">
    <failure type="java.lang.NullPointerException" message="Cannot invoke &amp;quot;org.openqa.selenium.WebDriver.findElement(org.openqa.selenium.By)&amp;quot; because &amp;quot;this.ldriver&amp;quot; is null">
      <![CDATA[java.lang.NullPointerException: Cannot invoke "org.openqa.selenium.WebDriver.findElement(org.openqa.selenium.By)" because "this.ldriver" is null
at com.grampower.pageobject.validateMeterCount.<init>(validateMeterCount.java:35)
at com.grampower.testcases.BaseClass.setup(BaseClass.java:112)
at java.base/java.util.ArrayList.forEach(ArrayList.java:1511)
... Removed 23 stack frames]]>
    </failure>
  </testcase> <!-- @BeforeClass setup -->
  <testcase classname="com.grampower.testcases.BaseClass" name="@AfterClass teardown" time="-1.698204719964E9">
    <skipped/>
  </testcase> <!-- @AfterClass teardown -->
  <testcase classname="com.grampower.testcases.BaseClass" name="@BeforeClass setup" time="2.305">
    <failure type="java.lang.NullPointerException" message="Cannot invoke &amp;quot;org.openqa.selenium.WebDriver.findElement(org.openqa.selenium.By)&amp;quot; because &amp;quot;this.ldriver&amp;quot; is null">
      <![CDATA[java.lang.NullPointerException: Cannot invoke "org.openqa.selenium.WebDriver.findElement(org.openqa.selenium.By)" because "this.ldriver" is null
at com.grampower.pageobject.validateMeterCount.<init>(validateMeterCount.java:35)
at com.grampower.testcases.BaseClass.setup(BaseClass.java:112)
at java.base/java.util.ArrayList.forEach(ArrayList.java:1511)
... Removed 23 stack frames]]>
    </failure>
  </testcase> <!-- @BeforeClass setup -->
  <testcase classname="com.grampower.testcases.BaseClass" name="@AfterClass teardown" time="-1.698204722297E9">
    <skipped/>
  </testcase> <!-- @AfterClass teardown -->
  <testcase classname="com.grampower.testcases.TC_GrampowerLoginPageTest" name="validateTitle" time="0.0">
    <skipped/>
  </testcase> <!-- validateTitle -->
  <testcase classname="com.grampower.testcases.TC_GrampowerLoginPageTest" name="verifyLogin" time="0.0">
    <skipped/>
  </testcase> <!-- verifyLogin -->
  <testcase classname="com.grampower.testcases.TC_DashboardPageTest" name="dashLogin" time="0.0">
    <skipped/>
  </testcase> <!-- dashLogin -->
  <testcase classname="com.grampower.testcases.TC_DashboardPageTest" name="dashHandlePopup" time="0.0">
    <skipped/>
  </testcase> <!-- dashHandlePopup -->
  <testcase classname="com.grampower.testcases.TC_DashboardPageTest" name="recentlyAssigned" time="0.0">
    <skipped/>
  </testcase> <!-- recentlyAssigned -->
</testsuite> <!-- Test1 -->
